[2024-05-22T01:08:46.251+0000] {taskinstance.py:1159} INFO - Dependencies all met for dep_context=non-requeueable deps ti=<TaskInstance: fraud_bitcoin.train_knn scheduled__2024-05-21T00:00:00+00:00 [queued]>
[2024-05-22T01:08:46.258+0000] {taskinstance.py:1159} INFO - Dependencies all met for dep_context=requeueable deps ti=<TaskInstance: fraud_bitcoin.train_knn scheduled__2024-05-21T00:00:00+00:00 [queued]>
[2024-05-22T01:08:46.259+0000] {taskinstance.py:1361} INFO - Starting attempt 11 of 12
[2024-05-22T01:08:46.278+0000] {taskinstance.py:1382} INFO - Executing <Task(PythonOperator): train_knn> on 2024-05-21 00:00:00+00:00
[2024-05-22T01:08:46.314+0000] {standard_task_runner.py:57} INFO - Started process 5013 to run task
[2024-05-22T01:08:46.319+0000] {standard_task_runner.py:84} INFO - Running: ['***', 'tasks', 'run', 'fraud_bitcoin', 'train_knn', 'scheduled__2024-05-21T00:00:00+00:00', '--job-id', '418', '--raw', '--subdir', 'DAGS_FOLDER/fraud.py', '--cfg-path', '/tmp/tmpdxsvystg']
[2024-05-22T01:08:46.325+0000] {standard_task_runner.py:85} INFO - Job 418: Subtask train_knn
[2024-05-22T01:08:46.417+0000] {task_command.py:416} INFO - Running <TaskInstance: fraud_bitcoin.train_knn scheduled__2024-05-21T00:00:00+00:00 [running]> on host 66abfe055500
[2024-05-22T01:08:46.524+0000] {taskinstance.py:1662} INFO - Exporting env vars: AIRFLOW_CTX_DAG_OWNER='***' AIRFLOW_CTX_DAG_ID='fraud_bitcoin' AIRFLOW_CTX_TASK_ID='train_knn' AIRFLOW_CTX_EXECUTION_DATE='2024-05-21T00:00:00+00:00' AIRFLOW_CTX_TRY_NUMBER='11' AIRFLOW_CTX_DAG_RUN_ID='scheduled__2024-05-21T00:00:00+00:00'
[2024-05-22T01:08:46.916+0000] {taskinstance.py:1937} ERROR - Task failed with exception
Traceback (most recent call last):
  File "/home/airflow/.local/lib/python3.8/site-packages/pandas/core/indexes/base.py", line 3653, in get_loc
    return self._engine.get_loc(casted_key)
  File "pandas/_libs/index.pyx", line 147, in pandas._libs.index.IndexEngine.get_loc
  File "pandas/_libs/index.pyx", line 176, in pandas._libs.index.IndexEngine.get_loc
  File "pandas/_libs/hashtable_class_helper.pxi", line 7080, in pandas._libs.hashtable.PyObjectHashTable.get_item
  File "pandas/_libs/hashtable_class_helper.pxi", line 7088, in pandas._libs.hashtable.PyObjectHashTable.get_item
KeyError: None

The above exception was the direct cause of the following exception:

Traceback (most recent call last):
  File "/home/airflow/.local/lib/python3.8/site-packages/airflow/operators/python.py", line 192, in execute
    return_value = self.execute_callable()
  File "/home/airflow/.local/lib/python3.8/site-packages/airflow/operators/python.py", line 209, in execute_callable
    return self.python_callable(*self.op_args, **self.op_kwargs)
  File "/opt/airflow/dags/fraud.py", line 111, in train_knn
    X_significant_train = pd.DataFrame(X_train, columns=X.columns)[significant_features]
  File "/home/airflow/.local/lib/python3.8/site-packages/pandas/core/frame.py", line 3761, in __getitem__
    indexer = self.columns.get_loc(key)
  File "/home/airflow/.local/lib/python3.8/site-packages/pandas/core/indexes/base.py", line 3655, in get_loc
    raise KeyError(key) from err
KeyError: None
[2024-05-22T01:08:46.937+0000] {taskinstance.py:1400} INFO - Marking task as UP_FOR_RETRY. dag_id=fraud_bitcoin, task_id=train_knn, execution_date=20240521T000000, start_date=20240522T010846, end_date=20240522T010846
[2024-05-22T01:08:46.949+0000] {standard_task_runner.py:104} ERROR - Failed to execute job 418 for task train_knn (None; 5013)
[2024-05-22T01:08:46.997+0000] {local_task_job_runner.py:228} INFO - Task exited with return code 1
[2024-05-22T01:08:47.028+0000] {taskinstance.py:2778} INFO - 0 downstream tasks scheduled from follow-on schedule check
