[2024-05-21T18:31:19.236+0000] {taskinstance.py:1159} INFO - Dependencies all met for dep_context=non-requeueable deps ti=<TaskInstance: fraud_bitcoin.train_random_forest manual__2024-05-21T17:24:46.231076+00:00 [queued]>
[2024-05-21T18:31:19.253+0000] {taskinstance.py:1159} INFO - Dependencies all met for dep_context=requeueable deps ti=<TaskInstance: fraud_bitcoin.train_random_forest manual__2024-05-21T17:24:46.231076+00:00 [queued]>
[2024-05-21T18:31:19.254+0000] {taskinstance.py:1361} INFO - Starting attempt 2 of 2
[2024-05-21T18:31:19.268+0000] {taskinstance.py:1382} INFO - Executing <Task(PythonOperator): train_random_forest> on 2024-05-21 17:24:46.231076+00:00
[2024-05-21T18:31:19.325+0000] {standard_task_runner.py:57} INFO - Started process 1353 to run task
[2024-05-21T18:31:19.337+0000] {standard_task_runner.py:84} INFO - Running: ['***', 'tasks', 'run', 'fraud_bitcoin', 'train_random_forest', 'manual__2024-05-21T17:24:46.231076+00:00', '--job-id', '367', '--raw', '--subdir', 'DAGS_FOLDER/fraud.py', '--cfg-path', '/tmp/tmpqfn033k8']
[2024-05-21T18:31:19.349+0000] {standard_task_runner.py:85} INFO - Job 367: Subtask train_random_forest
[2024-05-21T18:31:19.470+0000] {task_command.py:416} INFO - Running <TaskInstance: fraud_bitcoin.train_random_forest manual__2024-05-21T17:24:46.231076+00:00 [running]> on host 66abfe055500
[2024-05-21T18:31:19.649+0000] {taskinstance.py:1662} INFO - Exporting env vars: AIRFLOW_CTX_DAG_OWNER='***' AIRFLOW_CTX_DAG_ID='fraud_bitcoin' AIRFLOW_CTX_TASK_ID='train_random_forest' AIRFLOW_CTX_EXECUTION_DATE='2024-05-21T17:24:46.231076+00:00' AIRFLOW_CTX_TRY_NUMBER='2' AIRFLOW_CTX_DAG_RUN_ID='manual__2024-05-21T17:24:46.231076+00:00'
[2024-05-21T18:31:43.547+0000] {xcom.py:661} ERROR - Object of type RandomForestClassifier is not JSON serializable. If you are using pickle instead of JSON for XCom, then you need to enable pickle support for XCom in your *** config or make sure to decorate your object with attr.
[2024-05-21T18:31:43.629+0000] {taskinstance.py:1937} ERROR - Task failed with exception
Traceback (most recent call last):
  File "/home/airflow/.local/lib/python3.8/site-packages/airflow/utils/json.py", line 91, in default
    return serialize(o)
  File "/home/airflow/.local/lib/python3.8/site-packages/airflow/serialization/serde.py", line 178, in serialize
    raise TypeError(f"cannot serialize object of type {cls}")
TypeError: cannot serialize object of type <class 'sklearn.ensemble._forest.RandomForestClassifier'>

During handling of the above exception, another exception occurred:

Traceback (most recent call last):
  File "/home/airflow/.local/lib/python3.8/site-packages/airflow/operators/python.py", line 192, in execute
    return_value = self.execute_callable()
  File "/home/airflow/.local/lib/python3.8/site-packages/airflow/operators/python.py", line 209, in execute_callable
    return self.python_callable(*self.op_args, **self.op_kwargs)
  File "/opt/airflow/dags/fraud.py", line 114, in train_random_forest
    ti.xcom_push(key='rf_model', value=rf_model)
  File "/home/airflow/.local/lib/python3.8/site-packages/airflow/utils/session.py", line 79, in wrapper
    return func(*args, session=session, **kwargs)
  File "/home/airflow/.local/lib/python3.8/site-packages/airflow/models/taskinstance.py", line 2479, in xcom_push
    XCom.set(
  File "/home/airflow/.local/lib/python3.8/site-packages/airflow/utils/session.py", line 76, in wrapper
    return func(*args, **kwargs)
  File "/home/airflow/.local/lib/python3.8/site-packages/airflow/models/xcom.py", line 244, in set
    value = cls.serialize_value(
  File "/home/airflow/.local/lib/python3.8/site-packages/airflow/models/xcom.py", line 659, in serialize_value
    return json.dumps(value, cls=XComEncoder).encode("UTF-8")
  File "/usr/local/lib/python3.8/json/__init__.py", line 234, in dumps
    return cls(
  File "/home/airflow/.local/lib/python3.8/site-packages/airflow/utils/json.py", line 104, in encode
    return super().encode(o)
  File "/usr/local/lib/python3.8/json/encoder.py", line 199, in encode
    chunks = self.iterencode(o, _one_shot=True)
  File "/usr/local/lib/python3.8/json/encoder.py", line 257, in iterencode
    return _iterencode(o, 0)
  File "/home/airflow/.local/lib/python3.8/site-packages/airflow/utils/json.py", line 93, in default
    return super().default(o)
  File "/usr/local/lib/python3.8/json/encoder.py", line 179, in default
    raise TypeError(f'Object of type {o.__class__.__name__} '
TypeError: Object of type RandomForestClassifier is not JSON serializable
[2024-05-21T18:31:43.670+0000] {taskinstance.py:1400} INFO - Marking task as FAILED. dag_id=fraud_bitcoin, task_id=train_random_forest, execution_date=20240521T172446, start_date=20240521T183119, end_date=20240521T183143
[2024-05-21T18:31:45.862+0000] {standard_task_runner.py:104} ERROR - Failed to execute job 367 for task train_random_forest (Object of type RandomForestClassifier is not JSON serializable; 1353)
[2024-05-21T18:31:45.940+0000] {local_task_job_runner.py:228} INFO - Task exited with return code 1
[2024-05-21T18:31:45.976+0000] {taskinstance.py:2778} INFO - 0 downstream tasks scheduled from follow-on schedule check
